[ +560 ms] Artifact Instance of 'MaterialFonts' is not required, skipping update.
[   +6 ms] Artifact Instance of 'GradleWrapper' is not required, skipping update.
[   +2 ms] Artifact Instance of 'AndroidGenSnapshotArtifacts' is not required, skipping update.
[   +1 ms] Artifact Instance of 'AndroidInternalBuildArtifacts' is not required, skipping update.
[        ] Artifact Instance of 'IOSEngineArtifacts' is not required, skipping update.
[        ] Artifact Instance of 'FlutterWebSdk' is not required, skipping update.
[   +6 ms] Artifact Instance of 'LegacyCanvasKitRemover' is not required, skipping update.
[   +1 ms] Artifact Instance of 'FlutterSdk' is not required, skipping update.
[        ] Artifact Instance of 'WindowsEngineArtifacts' is not required, skipping update.
[        ] Artifact Instance of 'MacOSEngineArtifacts' is not required, skipping update.
[        ] Artifact Instance of 'LinuxEngineArtifacts' is not required, skipping update.
[   +1 ms] Artifact Instance of 'LinuxFuchsiaSDKArtifacts' is not required, skipping update.
[        ] Artifact Instance of 'MacOSFuchsiaSDKArtifacts' is not required, skipping update.
[        ] Artifact Instance of 'FlutterRunnerSDKArtifacts' is not required, skipping update.
[        ] Artifact Instance of 'FlutterRunnerDebugSymbols' is not required, skipping update.
[        ] Artifact Instance of 'IosUsbArtifacts' is not required, skipping update.
[        ] Artifact Instance of 'IosUsbArtifacts' is not required, skipping update.
[        ] Artifact Instance of 'IosUsbArtifacts' is not required, skipping update.
[        ] Artifact Instance of 'IosUsbArtifacts' is not required, skipping update.
[        ] Artifact Instance of 'IosUsbArtifacts' is not required, skipping update.
[        ] Artifact Instance of 'IosUsbArtifacts' is not required, skipping update.
[        ] Artifact Instance of 'FontSubsetArtifacts' is not required, skipping update.
[        ] Artifact Instance of 'PubDependencies' is not required, skipping update.
[ +293 ms] Artifact Instance of 'AndroidGenSnapshotArtifacts' is not required, skipping update.
[        ] Artifact Instance of 'AndroidInternalBuildArtifacts' is not required, skipping update.
[        ] Artifact Instance of 'IOSEngineArtifacts' is not required, skipping update.
[        ] Artifact Instance of 'FlutterWebSdk' is not required, skipping update.
[        ] Artifact Instance of 'FlutterEngineStamp' is not required, skipping update.
[        ] Artifact Instance of 'LegacyCanvasKitRemover' is not required, skipping update.
[   +9 ms] Artifact Instance of 'WindowsEngineArtifacts' is not required, skipping update.
[        ] Artifact Instance of 'MacOSEngineArtifacts' is not required, skipping update.
[        ] Artifact Instance of 'LinuxEngineArtifacts' is not required, skipping update.
[        ] Artifact Instance of 'LinuxFuchsiaSDKArtifacts' is not required, skipping update.
[        ] Artifact Instance of 'MacOSFuchsiaSDKArtifacts' is not required, skipping update.
[        ] Artifact Instance of 'FlutterRunnerSDKArtifacts' is not required, skipping update.
[        ] Artifact Instance of 'FlutterRunnerDebugSymbols' is not required, skipping update.
[ +186 ms] executing: C:\Users\Lama\AppData\Local\Android\Sdk\platform-tools\adb.exe devices -l
[ +254 ms] List of devices attached
           emulator-5554          device product:sdk_gphone64_x86_64 model:sdk_gphone64_x86_64 device:emu64xa transport_id:1
[  +15 ms] C:\Users\Lama\AppData\Local\Android\Sdk\platform-tools\adb.exe -s emulator-5554 shell getprop
[ +238 ms] Artifact Instance of 'AndroidInternalBuildArtifacts' is not required, skipping update.
[   +1 ms] Artifact Instance of 'IOSEngineArtifacts' is not required, skipping update.
[        ] Artifact Instance of 'FlutterWebSdk' is not required, skipping update.
[        ] Artifact Instance of 'FlutterEngineStamp' is not required, skipping update.
[        ] Artifact Instance of 'LegacyCanvasKitRemover' is not required, skipping update.
[   +5 ms] Artifact Instance of 'WindowsEngineArtifacts' is not required, skipping update.
[        ] Artifact Instance of 'MacOSEngineArtifacts' is not required, skipping update.
[        ] Artifact Instance of 'LinuxEngineArtifacts' is not required, skipping update.
[        ] Artifact Instance of 'LinuxFuchsiaSDKArtifacts' is not required, skipping update.
[        ] Artifact Instance of 'MacOSFuchsiaSDKArtifacts' is not required, skipping update.
[        ] Artifact Instance of 'FlutterRunnerSDKArtifacts' is not required, skipping update.
[        ] Artifact Instance of 'FlutterRunnerDebugSymbols' is not required, skipping update.
[ +388 ms] executing: [C:\Users\Lama\medical_front/] C:\flutter_windows_3.32.7-stable\flutter\bin\cache\dart-sdk\bin\dart pub --suppress-analytics --directory . get --example
Resolving dependencies...
Downloading packages...
  characters 1.4.0 (1.4.1 available)
  flutter_lints 5.0.0 (6.0.0 available)
  lints 5.1.1 (6.0.0 available)
  matcher 0.12.17 (0.12.18 available)
  material_color_utilities 0.11.1 (0.13.0 available)
  meta 1.16.0 (1.17.0 available)
  test_api 0.7.6 (0.7.8 available)
Got dependencies!
7 packages have newer versions incompatible with dependency constraints.
Try `flutter pub outdated` for more information.
[+2459 ms] Skipping generating web_plugin_registrant.dart because it is up-to-date.
[ +179 ms] Generating C:\Users\Lama\medical_front\android\app\src\main\java\io\flutter\plugins\GeneratedPluginRegistrant.java
[  +23 ms] Skipping generating GeneratedPluginRegistrant.java because it is up-to-date.
[  +12 ms] Skipping generating generated_plugin_registrant.h because it is up-to-date.
[   +4 ms] Skipping generating generated_plugin_registrant.cc because it is up-to-date.
[  +17 ms] Skipping generating generated_plugins.cmake because it is up-to-date.
[   +6 ms] Skipping generating generated_plugin_registrant.h because it is up-to-date.
[   +3 ms] Skipping generating generated_plugin_registrant.cc because it is up-to-date.
[   +5 ms] Skipping generating generated_plugins.cmake because it is up-to-date.
[  +11 ms] Skipping generating GeneratedPluginRegistrant.h because it is up-to-date.
[   +5 ms] Skipping generating GeneratedPluginRegistrant.m because it is up-to-date.
[   +7 ms] Skipping generating GeneratedPluginRegistrant.swift because it is up-to-date.
[ +207 ms] ro.hardware = ranchu
[ +239 ms] Initializing file store
[  +45 ms] Skipping target: gen_localizations
[   +8 ms] gen_dart_plugin_registrant: Starting due to {InvalidatedReasonKind.inputChanged: The following inputs have updated contents: C:\Users\Lama\medical_front\.dart_tool\package_config.json}
[ +291 ms] gen_dart_plugin_registrant: Complete
[   +9 ms] Skipping target: _composite
[   +5 ms] complete
[  +25 ms] Launching lib\main.dart on sdk gphone64 x86 64 in debug mode...
[  +11 ms] C:\flutter_windows_3.32.7-stable\flutter\bin\cache\dart-sdk\bin\dartaotruntime.exe C:\flutter_windows_3.32.7-stable\flutter\bin\cache\dart-sdk\bin\snapshots\frontend_server_aot.dart.snapshot --sdk-root C:\flutter_windows_3.32.7-stable\flutter\bin\cache\artifacts\engine\common\flutter_patched_sdk/ --incremental --target=flutter --experimental-emit-debug-metadata -DFLUTTER_VERSION=3.35.5 -DFLUTTER_CHANNEL=stable -DFLUTTER_GIT_URL=https://github.com/flutter/flutter.git -DFLUTTER_FRAMEWORK_REVISION=ac4e799d23 -DFLUTTER_ENGINE_REVISION=d3d45dcf25 -DFLUTTER_DART_VERSION=3.9.2 --output-dill C:\Users\Lama\AppData\Local\Temp\flutter_tools.dbfc8d82\flutter_tool.2059a75\app.dill --packages C:\Users\Lama\medical_front\.dart_tool\package_config.json -Ddart.vm.profile=false -Ddart.vm.product=false --enable-asserts --track-widget-creation --filesystem-scheme org-dartlang-root --initialize-from-dill build\210bad4901163cba762d02a4a1c86c00.cache.dill.track.dill --verbosity=error --enable-experiment=alternative-invalidation-strategy
[  +45 ms] executing: C:\Users\Lama\AppData\Local\Android\Sdk\platform-tools\adb.exe -s emulator-5554 shell -x logcat -v time -t 1
[  +34 ms] <- compile package:health_track/main.dart
[ +285 ms] --------- beginning of main
           11-23 11:35:02.251 D/SatelliteController( 3730): iisInCarrierRoamingNbIotNtn: satellite is disabled
[  +34 ms] executing: C:\Users\Lama\AppData\Local\Android\Sdk\platform-tools\adb.exe version
[ +132 ms] Android Debug Bridge version 1.0.41
           Version 36.0.0-13206524
           Installed as C:\Users\Lama\AppData\Local\Android\Sdk\platform-tools\adb.exe
           Running on Windows 10.0.26200
[   +4 ms] executing: C:\Users\Lama\AppData\Local\Android\Sdk\platform-tools\adb.exe start-server
[ +147 ms] Building APK
[  +49 ms] executing: C:\Program Files\Android\Android Studio\jbr\bin\java -version
[ +488 ms] Exit code 0 from: C:\Program Files\Android\Android Studio\jbr\bin\java -version
[        ] openjdk version "21.0.6" 2025-01-21
           OpenJDK Runtime Environment (build 21.0.6+-13391695-b895.109)
           OpenJDK 64-Bit Server VM (build 21.0.6+-13391695-b895.109, mixed mode)
[  +24 ms] Top-level Gradle build file not found, skipping migration of task "clean".
[   +6 ms] executing: C:\Program Files\Android\Android Studio\jbr\bin\java --version
[ +516 ms] Exit code 0 from: C:\Program Files\Android\Android Studio\jbr\bin\java --version
[        ] openjdk 21.0.6 2025-01-21
           OpenJDK Runtime Environment (build 21.0.6+-13391695-b895.109)
           OpenJDK 64-Bit Server VM (build 21.0.6+-13391695-b895.109, mixed mode)
[   +5 ms] Version of Java is different than impacted version, no migration attempted.
[  +44 ms] CMake project not found, skipping support Android 15 16k page size migration.
[  +28 ms] Using gradle from C:\Users\Lama\medical_front\android\gradlew.bat.
[ +166 ms] LocalFile: 'C:\Users\Lama\medical_front\android\build.gradle.kts' doesn't provide an AGP version. Checking settings.
[  +27 ms] LocalFile: 'C:\Users\Lama\medical_front\android\settings.gradle.kts' provides AGP version: 8.9.1
[  +56 ms] Running Gradle task 'assembleDebug'...
[   +3 ms] executing: [C:\Users\Lama\medical_front\android/] C:\Users\Lama\medical_front\android\gradlew.bat --full-stacktrace --info -Pverbose=true -Ptarget-platform=android-x64 -Ptarget=C:\Users\Lama\medical_front\lib\main.dart -Pbase-application-name=android.app.Application -Pdart-defines=RkxVVFRFUl9WRVJTSU9OPTMuMzUuNQ==,RkxVVFRFUl9DSEFOTkVMPXN0YWJsZQ==,RkxVVFRFUl9HSVRfVVJMPWh0dHBzOi8vZ2l0aHViLmNvbS9mbHV0dGVyL2ZsdXR0ZXIuZ2l0,RkxVVFRFUl9GUkFNRVdPUktfUkVWSVNJT049YWM0ZTc5OWQyMw==,RkxVVFRFUl9FTkdJTkVfUkVWSVNJT049ZDNkNDVkY2YyNQ==,RkxVVFRFUl9EQVJUX1ZFUlNJT049My45LjI= -Pdart-obfuscation=false -Ptrack-widget-creation=true -Ptree-shake-icons=false -Pfilesystem-scheme=org-dartlang-root assembleDebug
[+2836 ms] Initialized native services in: C:\Users\Lama\.gradle\native
[   +1 ms] Initialized jansi services in: C:\Users\Lama\.gradle\native
[+1436 ms] The client will now receive all logging from the daemon (pid: 7240). The daemon log file: C:\Users\Lama\.gradle\daemon\8.12\daemon-7240.out.log
[   +1 ms] Starting 8th build in daemon [uptime: 13 mins 44.838 secs, performance: 100%, GC rate: 0.00/s, heap usage: 0% of 8 GiB, non-heap usage: 5% of 4 GiB]
[        ] Using 12 worker leases.
[  +91 ms] Invalidating in-memory cache of C:\Users\Lama\medical_front\android\.gradle\8.12\fileHashes\fileHashes.bin
[        ] Invalidating in-memory cache of C:\Users\Lama\medical_front\android\.gradle\8.12\fileHashes\resourceHashesCache.bin
[   +1 ms] Now considering [C:\Users\Lama\medical_front\android, C:\flutter_windows_3.32.7-stable\flutter\packages\flutter_tools\gradle] as hierarchies to watch
[        ] Watching the file system is configured to be enabled if available
[        ] File system watching is active
[        ] Starting Build
[ +201 ms] Now considering [C:\flutter_windows_3.32.7-stable\flutter\packages\flutter_tools\gradle, C:\Users\Lama\medical_front\android] as hierarchies to watch
[        ] Invalidating in-memory cache of C:\flutter_windows_3.32.7-stable\flutter\packages\flutter_tools\gradle\.gradle\buildOutputCleanup\outputFiles.bin
[ +494 ms] > Configure project :gradle
[        ] Evaluating project ':gradle' using build file 'C:\flutter_windows_3.32.7-stable\flutter\packages\flutter_tools\gradle\build.gradle.kts'.
[        ] Resolved plugin [id: 'org.gradle.java-gradle-plugin']
[        ] Resolved plugin [id: 'org.gradle.groovy']
[        ] Resolved plugin [id: 'org.gradle.kotlin.kotlin-dsl', version: '5.1.2']
[        ] Resolved plugin [id: 'org.jetbrains.kotlin.jvm', version: '1.9.20']
[        ] Invalidating in-memory cache of C:\Users\Lama\.gradle\caches\journal-1\file-access.bin
[        ] Invalidating in-memory cache of C:\Users\Lama\.gradle\caches\8.12\fileHashes\fileHashes.bin
[        ] Invalidating in-memory cache of C:\Users\Lama\.gradle\caches\8.12\fileHashes\resourceHashesCache.bin
[        ] Using Kotlin Gradle Plugin gradle85 variant
[        ] kotlin scripting plugin: created the scripting discovery configuration: kotlinScriptDef
[        ] kotlin scripting plugin: created the scripting discovery configuration: testKotlinScriptDef
[        ] file or directory 'C:\flutter_windows_3.32.7-stable\flutter\packages\flutter_tools\gradle\src\main\java', not found
[        ] Resolved plugin [id: 'dev.flutter.flutter-plugin-loader', version: '1.0.0']
[        ] Resolved plugin [id: 'com.android.application', version: '8.9.1', apply: false]
[        ] Resolved plugin [id: 'org.jetbrains.kotlin.android', version: '2.1.0', apply: false]
[ +573 ms] lib/screens/splash_screen.dart:99:95: Error: Member not found: 'springOut'.
[   +1 ms]                             .scale(duration: const Duration(milliseconds: 600), curve: Curves.springOut)
[        ]                                                                                               ^^^^^^^^^
[        ] lib/screens/splash_screen.dart:133:99: Error: Member not found: 'springOut'.
[        ]                                 .scale(duration: const Duration(milliseconds: 400), curve: Curves.springOut)
[        ]                                                                                                   ^^^^^^^^^
[        ] lib/screens/splash_screen.dart:123:44: Error: The argument type 'int' can't be assigned to the parameter type 'Offset?'.
[        ]  - 'Offset' is from 'dart:ui'.
[        ]                              .scale(begin: 1, end: 1.5, duration: const Duration(seconds: 2))
[        ]                                            ^
[        ] lib/screens/splash_screen.dart:123:52: Error: The argument type 'double' can't be assigned to the parameter type 'Offset?'.
[        ]  - 'Offset' is from 'dart:ui'.
[        ]                              .scale(begin: 1, end: 1.5, duration: const Duration(seconds: 2))
[        ]                                                    ^
[   +4 ms] lib/screens/splash_screen.dart:260:29: Error: The argument type 'int' can't be assigned to the parameter type 'Offset?'.
[        ]  - 'Offset' is from 'dart:ui'.
[        ]               .scale(begin: 0, end: 1),
[        ]                             ^
[        ] lib/screens/splash_screen.dart:260:37: Error: The argument type 'int' can't be assigned to the parameter type 'Offset?'.
[        ]  - 'Offset' is from 'dart:ui'.
[        ]               .scale(begin: 0, end: 1),
[        ]                                     ^
[        ] lib/screens/splash_screen.dart:319:23: Error: The argument type 'int' can't be assigned to the parameter type 'Offset?'.
[        ]  - 'Offset' is from 'dart:ui'.
[        ]         .scale(begin: 1, end: 1.4, duration: const Duration(milliseconds: 1200), curve: Curves.easeInOut)
[        ]                       ^
[        ] lib/screens/splash_screen.dart:319:31: Error: The argument type 'double' can't be assigned to the parameter type 'Offset?'.
[        ]  - 'Offset' is from 'dart:ui'.
[        ]         .scale(begin: 1, end: 1.4, duration: const Duration(milliseconds: 1200), curve: Curves.easeInOut)
[        ]                               ^
[        ] lib/screens/splash_screen.dart:321:23: Error: The argument type 'double' can't be assigned to the parameter type 'Offset?'.
[        ]  - 'Offset' is from 'dart:ui'.
[        ]         .scale(begin: 1.4, end: 1, duration: const Duration(milliseconds: 1200), curve: Curves.easeInOut);
[        ]                       ^
[        ] lib/screens/splash_screen.dart:321:33: Error: The argument type 'int' can't be assigned to the parameter type 'Offset?'.
[        ]  - 'Offset' is from 'dart:ui'.
[        ]         .scale(begin: 1.4, end: 1, duration: const Duration(milliseconds: 1200), curve: Curves.easeInOut);
[        ]                                 ^
[+17695 ms] Resolve mutations for :gradle:checkKotlinGradlePluginConfigurationErrors (Thread[#951,Execution worker,5,main]) started.
[   +1 ms] :gradle:checkKotlinGradlePluginConfigurationErrors (Thread[#951,Execution worker,5,main]) started.
[   +1 ms] Invalidating in-memory cache of C:\flutter_windows_3.32.7-stable\flutter\packages\flutter_tools\gradle\.gradle\8.12\executionHistory\executionHistory.bin
[        ] > Task :gradle:checkKotlinGradlePluginConfigurationErrors SKIPPED
[        ] Skipping task ':gradle:checkKotlinGradlePluginConfigurationErrors' as task onlyIf 'errorDiagnostics are present' is false.
[        ] Resolve mutations for :gradle:compileKotlin (Thread[#951,Execution worker,5,main]) started.
[        ] :gradle:compileKotlin (Thread[#951,Execution worker,5,main]) started.
[+1489 ms] Resolve mutations for :gradle:pluginDescriptors (Thread[#961,Execution worker Thread 10,5,main]) started.
[        ] :gradle:pluginDescriptors (Thread[#961,Execution worker Thread 10,5,main]) started.
[        ] > Task :gradle:pluginDescriptors UP-TO-DATE
[        ] Caching disabled for task ':gradle:pluginDescriptors' because:
[        ]   Build cache is disabled
[        ]   Not worth caching
[        ] Skipping task ':gradle:pluginDescriptors' as it is up-to-date.
[        ] Resolve mutations for :gradle:processResources (Thread[#961,Execution worker Thread 10,5,main]) started.
[        ] :gradle:processResources (Thread[#961,Execution worker Thread 10,5,main]) started.
[        ] > Task :gradle:processResources UP-TO-DATE
[        ] Caching disabled for task ':gradle:processResources' because:
[        ]   Build cache is disabled
[        ]   Not worth caching
[        ] Skipping task ':gradle:processResources' as it is up-to-date.
[ +507 ms] > Task :gradle:compileKotlin
[        ] Invalidating in-memory cache of C:\flutter_windows_3.32.7-stable\flutter\packages\flutter_tools\gradle\.gradle\buildOutputCleanup\outputFiles.bin
[        ] Invalidating in-memory cache of C:\Users\Lama\medical_front\android\.gradle\8.12\fileHashes\fileHashes.bin
[        ] Invalidating in-memory cache of C:\Users\Lama\medical_front\android\.gradle\8.12\fileHashes\resourceHashesCache.bin
[        ] Invalidating in-memory cache of C:\Users\Lama\.gradle\caches\journal-1\file-access.bin
[   +1 ms] Invalidating in-memory cache of C:\Users\Lama\.gradle\caches\8.12\fileHashes\fileHashes.bin
[        ] Invalidating in-memory cache of C:\Users\Lama\.gradle\caches\8.12\fileHashes\resourceHashesCache.bin
[        ] Caching disabled for task ':gradle:compileKotlin' because:
[        ]   Build cache is disabled
[        ] Task ':gradle:compileKotlin' is not up-to-date because:
[        ]   Value of input property 'kotlinJavaToolchainProvider.javaVersion' has changed for task ':gradle:compileKotlin'
[        ] The input changes require a full rebuild for incremental task ':gradle:compileKotlin'.
[        ] file or directory 'C:\flutter_windows_3.32.7-stable\flutter\packages\flutter_tools\gradle\src\main\java', not found
[        ] file or directory 'C:\flutter_windows_3.32.7-stable\flutter\packages\flutter_tools\gradle\src\main\java', not found
[        ] file or directory 'C:\flutter_windows_3.32.7-stable\flutter\packages\flutter_tools\gradle\src\main\java', not found
[   +1 ms] file or directory 'C:\flutter_windows_3.32.7-stable\flutter\packages\flutter_tools\gradle\src\main\java', not found
[   +2 ms] Kotlin source files: C:\flutter_windows_3.32.7-stable\flutter\packages\flutter_tools\gradle\src\main\kotlin\AppLinkSettings.kt, C:\flutter_windows_3.32.7-stable\flutter\packages\flutter_tools\gradle\src\main\kotlin\BaseApplicationNameHandler.kt, C:\flutter_windows_3.32.7-stable\flutter\packages\flutter_tools\gradle\src\main\kotlin\Deeplink.kt, C:\flutter_windows_3.32.7-stable\flutter\packages\flutter_tools\gradle\src\main\kotlin\DependencyVersionChecker.kt, C:\flutter_windows_3.32.7-stable\flutter\packages\flutter_tools\gradle\src\main\kotlin\FlutterAppPluginLoaderPlugin.kt, C:\flutter_windows_3.32.7-stable\flutter\packages\flutter_tools\gradle\src\main\kotlin\FlutterExtension.kt, C:\flutter_windows_3.32.7-stable\flutter\packages\flutter_tools\gradle\src\main\kotlin\FlutterPlugin.kt, C:\flutter_windows_3.32.7-stable\flutter\packages\flutter_tools\gradle\src\main\kotlin\FlutterPluginConstants.kt, C:\flutter_windows_3.32.7-stable\flutter\packages\flutter_tools\gradle\src\main\kotlin\FlutterPluginUtils.kt, C:\flutter_windows_3.32.7-stable\flutter\packages\flutter_tools\gradle\src\main\kotlin\IntentFilterCheck.kt, C:\flutter_windows_3.32.7-stable\flutter\packages\flutter_tools\gradle\src\main\kotlin\NativePluginLoaderReflectionBridge.kt, C:\flutter_windows_3.32.7-stable\flutter\packages\flutter_tools\gradle\src\main\kotlin\plugins\PluginHandler.kt, C:\flutter_windows_3.32.7-stable\flutter\packages\flutter_tools\gradle\src\main\kotlin\tasks\BaseFlutterTask.kt, C:\flutter_windows_3.32.7-stable\flutter\packages\flutter_tools\gradle\src\main\kotlin\tasks\BaseFlutterTaskHelper.kt, C:\flutter_windows_3.32.7-stable\flutter\packages\flutter_tools\gradle\src\main\kotlin\tasks\FlutterTask.kt, C:\flutter_windows_3.32.7-stable\flutter\packages\flutter_tools\gradle\src\main\kotlin\tasks\FlutterTaskHelper.kt, C:\flutter_windows_3.32.7-stable\flutter\packages\flutter_tools\gradle\src\main\kotlin\VersionFetcher.kt, C:\flutter_windows_3.32.7-stable\flutter\packages\flutter_tools\gradle\src\main\kotlin\VersionUtils.kt
[   +1 ms] Java source files: 
[   +1 ms] Script source files: 
[        ] Script file extensions: 
[        ] Using Kotlin/JVM incremental compilation
[        ] [KOTLIN] Kotlin compilation 'jdkHome' argument: C:\Program Files\Android\Android Studio\jbr
[   +1 ms] Options for KOTLIN DAEMON: IncrementalCompilationOptions(super=CompilationOptions(compilerMode=INCREMENTAL_COMPILER, targetPlatform=JVM, reportCategories=[0, 3], reportSeverity=2, requestedCompilationResults=[0], kotlinScriptExtensions=[]), areFileChangesKnown=false, modifiedFiles=null, deletedFiles=null, classpathChanges=NotAvailableForNonIncrementalRun, workingDir=C:\flutter_windows_3.32.7-stable\flutter\packages\flutter_tools\gradle\build\kotlin\compileKotlin\cacheable, multiModuleICSettings=MultiModuleICSettings(buildHistoryFile=C:\flutter_windows_3.32.7-stable\flutter\packages\flutter_tools\gradle\build\kotlin\compileKotlin\local-state\build-history.bin, useModuleDetection=false), usePreciseJavaTracking=true, icFeatures=IncrementalCompilationFeatures(withAbiSnapshot=false, preciseCompilationResultsBackup=true, keepIncrementalCompilationCachesInMemory=true, enableUnsafeIncrementalCompilationForMultiplatform=false), outputFiles=[C:\flutter_windows_3.32.7-stable\flutter\packages\flutter_tools\gradle\build\classes\kotlin\main, C:\flutter_windows_3.32.7-stable\flutter\packages\flutter_tools\gradle\build\kotlin\compileKotlin\cacheable, C:\flutter_windows_3.32.7-stable\flutter\packages\flutter_tools\gradle\build\kotlin\compileKotlin\local-state])
[+23777 ms] w: file:///C:/flutter_windows_3.32.7-stable/flutter/packages/flutter_tools/gradle/src/main/kotlin/DependencyVersionChecker.kt:194:39 'getter for minSdkVersion: AndroidVersion' is deprecated. Will be removed in v9.0
[        ] w: file:///C:/flutter_windows_3.32.7-stable/flutter/packages/flutter_tools/gradle/src/main/kotlin/FlutterPlugin.kt:11:37 'ApkVariant' is deprecated. Deprecated in Java
[        ] w: file:///C:/flutter_windows_3.32.7-stable/flutter/packages/flutter_tools/gradle/src/main/kotlin/FlutterPlugin.kt:628:69 'ApkVariant' is deprecated. Deprecated in Java
[        ] Finished executing kotlin compiler using DAEMON strategy
[  +90 ms] Resolve mutations for :gradle:compileJava (Thread[#951,Execution worker,5,main]) started.
[        ] :gradle:compileJava (Thread[#951,Execution worker,5,main]) started.
[        ] > Task :gradle:compileJava NO-SOURCE
[        ] Skipping task ':gradle:compileJava' as it has no source files and no previous output files.
[        ] Resolve mutations for :gradle:compileGroovy (Thread[#951,Execution worker,5,main]) started.
[        ] :gradle:compileGroovy (Thread[#951,Execution worker,5,main]) started.
[ +107 ms] > Task :gradle:compileGroovy NO-SOURCE
[   +1 ms] Skipping task ':gradle:compileGroovy' as it has no source files and no previous output files.
[        ] Resolve mutations for :gradle:classes (Thread[#951,Execution worker,5,main]) started.
[   +2 ms] :gradle:classes (Thread[#951,Execution worker,5,main]) started.
[   +1 ms] > Task :gradle:classes UP-TO-DATE
[        ] Skipping task ':gradle:classes' as it has no actions.
[        ] Resolve mutations for :gradle:jar (Thread[#955,Execution worker Thread 5,5,main]) started.
[        ] :gradle:jar (Thread[#955,Execution worker Thread 5,5,main]) started.
[   +1 ms] > Task :gradle:jar UP-TO-DATE
[        ] Caching disabled for task ':gradle:jar' because:
[        ]   Build cache is disabled
[        ]   Not worth caching
[        ] Skipping task ':gradle:jar' as it is up-to-date.
[ +173 ms] Invalidating in-memory cache of C:\Users\Lama\.gradle\caches\journal-1\file-access.bin
[ +110 ms] Invalidating in-memory cache of C:\Users\Lama\.gradle\caches\8.12\fileHashes\fileHashes.bin
[   +1 ms] Invalidating in-memory cache of C:\Users\Lama\.gradle\caches\8.12\fileHashes\resourceHashesCache.bin
[  +93 ms] Settings evaluated using settings file 'C:\Users\Lama\medical_front\android\settings.gradle.kts'.
[  +95 ms] Projects loaded. Root project using build file 'C:\Users\Lama\medical_front\android\build.gradle.kts'.
[   +1 ms] Included projects: [root project 'android', project ':app']
[ +709 ms] > Configure project :app
[        ] Evaluating project ':app' using build file 'C:\Users\Lama\medical_front\android\app\build.gradle.kts'.
[        ] Resolved plugin [id: 'com.android.application']
[        ] Resolved plugin [id: 'kotlin-android']
[        ] Resolved plugin [id: 'dev.flutter.flutter-gradle-plugin']
[        ] Using default execution profile
[        ] Using Kotlin Gradle Plugin gradle85 variant
[        ] C/C++: android.ndkVersion from module build.gradle is [27.0.12077973]
[        ] C/C++: android.ndkPath from module build.gradle is not set
[        ] C/C++: ndk.dir in local.properties is not set
[        ] C/C++: Not considering ANDROID_NDK_HOME because support was removed after deprecation period.
[        ] C/C++: sdkFolder is C:\Users\Lama\AppData\Local\Android\Sdk
[        ] C/C++: android.ndkVersion from module build.gradle is [27.0.12077973]
[        ] C/C++: android.ndkPath from module build.gradle is not set
[        ] C/C++: ndk.dir in local.properties is not set
[        ] C/C++: Not considering ANDROID_NDK_HOME because support was removed after deprecation period.
[        ] C/C++: sdkFolder is C:\Users\Lama\AppData\Local\Android\Sdk
[        ] C/C++: android.ndkVersion from module build.gradle is [27.0.12077973]
[        ] C/C++: android.ndkPath from module build.gradle is not set
[        ] C/C++: ndk.dir in local.properties is not set
[        ] C/C++: Not considering ANDROID_NDK_HOME because support was removed after deprecation period.
[        ] C/C++: sdkFolder is C:\Users\Lama\AppData\Local\Android\Sdk
[        ] C/C++: android.ndkVersion from module build.gradle is [27.0.12077973]
[        ] C/C++: android.ndkPath from module build.gradle is not set
[        ] C/C++: ndk.dir in local.properties is not set
[        ] C/C++: Not considering ANDROID_NDK_HOME because support was removed after deprecation period.
[        ] C/C++: sdkFolder is C:\Users\Lama\AppData\Local\Android\Sdk
[        ] C/C++: android.ndkVersion from module build.gradle is [27.0.12077973]
[        ] C/C++: android.ndkPath from module build.gradle is not set
[        ] C/C++: ndk.dir in local.properties is not set
[        ] C/C++: Not considering ANDROID_NDK_HOME because support was removed after deprecation period.
[        ] C/C++: sdkFolder is C:\Users\Lama\AppData\Local\Android\Sdk
[        ] C/C++: android.ndkVersion from module build.gradle is [27.0.12077973]
[        ] C/C++: android.ndkPath from module build.gradle is not set
[        ] C/C++: ndk.dir in local.properties is not set
[        ] C/C++: Not considering ANDROID_NDK_HOME because support was removed after deprecation period.
[        ] C/C++: sdkFolder is C:\Users\Lama\AppData\Local\Android\Sdk
[        ] C/C++: android.ndkVersion from module build.gradle is [27.0.12077973]
[        ] C/C++: android.ndkPath from module build.gradle is not set
[        ] C/C++: ndk.dir in local.properties is not set
[        ] C/C++: Not considering ANDROID_NDK_HOME because support was removed after deprecation period.
[        ] C/C++: sdkFolder is C:\Users\Lama\AppData\Local\Android\Sdk
[        ] C/C++: android.ndkVersion from module build.gradle is [27.0.12077973]
[        ] C/C++: android.ndkPath from module build.gradle is not set
[        ] C/C++: ndk.dir in local.properties is not set
[        ] C/C++: Not considering ANDROID_NDK_HOME because support was removed after deprecation period.
[        ] C/C++: sdkFolder is C:\Users\Lama\AppData\Local\Android\Sdk
[        ] C/C++: android.ndkVersion from module build.gradle is [27.0.12077973]
[        ] C/C++: android.ndkPath from module build.gradle is not set
[        ] C/C++: ndk.dir in local.properties is not set
[        ] C/C++: Not considering ANDROID_NDK_HOME because support was removed after deprecation period.
[        ] C/C++: sdkFolder is C:\Users\Lama\AppData\Local\Android\Sdk
[        ] C/C++: android.ndkVersion from module build.gradle is [27.0.12077973]
[        ] C/C++: android.ndkPath from module build.gradle is not set
[        ] C/C++: ndk.dir in local.properties is not set
[        ] C/C++: Not considering ANDROID_NDK_HOME because support was removed after deprecation period.
[        ] C/C++: sdkFolder is C:\Users\Lama\AppData\Local\Android\Sdk
[        ] C/C++: android.ndkVersion from module build.gradle is [27.0.12077973]
[        ] C/C++: android.ndkPath from module build.gradle is not set
[        ] C/C++: ndk.dir in local.properties is not set
[        ] C/C++: Not considering ANDROID_NDK_HOME because support was removed after deprecation period.
[        ] C/C++: sdkFolder is C:\Users\Lama\AppData\Local\Android\Sdk
[        ] C/C++: android.ndkVersion from module build.gradle is [27.0.12077973]
[        ] C/C++: android.ndkPath from module build.gradle is not set
[        ] C/C++: ndk.dir in local.properties is not set
[        ] C/C++: Not considering ANDROID_NDK_HOME because support was removed after deprecation period.
[        ] C/C++: sdkFolder is C:\Users\Lama\AppData\Local\Android\Sdk
[        ] C/C++: android.ndkVersion from module build.gradle is [27.0.12077973]
[        ] C/C++: android.ndkPath from module build.gradle is not set
[        ] C/C++: ndk.dir in local.properties is not set
[        ] C/C++: Not considering ANDROID_NDK_HOME because support was removed after deprecation period.
[   +1 ms] C/C++: sdkFolder is C:\Users\Lama\AppData\Local\Android\Sdk
[        ] C/C++: android.ndkVersion from module build.gradle is [27.0.12077973]
[        ] C/C++: android.ndkPath from module build.gradle is not set
[        ] C/C++: ndk.dir in local.properties is not set
[        ] C/C++: Not considering ANDROID_NDK_HOME because support was removed after deprecation period.
[        ] C/C++: sdkFolder is C:\Users\Lama\AppData\Local\Android\Sdk
[        ] C/C++: android.ndkVersion from module build.gradle is [27.0.12077973]
[        ] C/C++: android.ndkPath from module build.gradle is not set
[        ] C/C++: ndk.dir in local.properties is not set
[        ] C/C++: Not considering ANDROID_NDK_HOME because support was removed after deprecation period.
[        ] C/C++: sdkFolder is C:\Users\Lama\AppData\Local\Android\Sdk
[        ] C/C++: android.ndkVersion from module build.gradle is [27.0.12077973]
[        ] C/C++: android.ndkPath from module build.gradle is not set
[        ] C/C++: ndk.dir in local.properties is not set
[        ] C/C++: Not considering ANDROID_NDK_HOME because support was removed after deprecation period.
[        ] C/C++: sdkFolder is C:\Users\Lama\AppData\Local\Android\Sdk
[   +1 ms] C/C++: android.ndkVersion from module build.gradle is [27.0.12077973]
[        ] C/C++: android.ndkPath from module build.gradle is not set
[        ] C/C++: ndk.dir in local.properties is not set
[        ] C/C++: Not considering ANDROID_NDK_HOME because support was removed after deprecation period.
[        ] C/C++: sdkFolder is C:\Users\Lama\AppData\Local\Android\Sdk
[        ] C/C++: android.ndkVersion from module build.gradle is [27.0.12077973]
[        ] C/C++: android.ndkPath from module build.gradle is not set
[        ] C/C++: ndk.dir in local.properties is not set
[        ] C/C++: Not considering ANDROID_NDK_HOME because support was removed after deprecation period.
[        ] C/C++: sdkFolder is C:\Users\Lama\AppData\Local\Android\Sdk
[        ] C/C++: android.ndkVersion from module build.gradle is [27.0.12077973]
[        ] C/C++: android.ndkPath from module build.gradle is not set
[        ] C/C++: ndk.dir in local.properties is not set
[        ] C/C++: Not considering ANDROID_NDK_HOME because support was removed after deprecation period.
[        ] C/C++: sdkFolder is C:\Users\Lama\AppData\Local\Android\Sdk
[        ] > Configure project :
[        ] Evaluating root project 'android' using build file 'C:\Users\Lama\medical_front\android\build.gradle.kts'.
[        ] All projects evaluated.
[        ] Task name matched 'assembleDebug'
[        ] Selected primary task 'assembleDebug' from project :
[  +39 ms] Adding -Xuse-inline-scopes-numbers Kotlin compiler flag for task :app:compileDebugKotlin
[ +108 ms] Tasks to be executed: [task ':app:DebugMinSdkCheck', task ':app:preBuild', task ':app:preDebugBuild', task ':app:mergeDebugNativeDebugMetadata', task ':app:checkKotlinGradlePluginConfigurationErrors', task ':app:compileFlutterBuildDebug', task ':app:packJniLibsflutterBuildDebug', task ':app:checkDebugAarMetadata', task ':app:cleanMergeDebugAssets', task ':app:mergeDebugShaders', task ':app:compileDebugShaders', task ':app:generateDebugAssets', task ':app:mergeDebugAssets', task ':app:copyFlutterAssetsDebug', task ':app:generateDebugResValues', task ':app:mapDebugSourceSetPaths', task ':app:generateDebugResources', task ':app:mergeDebugResources', task ':app:packageDebugResources', task ':app:parseDebugLocalResources', task ':app:createDebugCompatibleScreenManifests', task ':app:extractDeepLinksDebug', task ':app:processDebugMainManifest', task ':app:processDebugManifest', task ':app:processDebugManifestForPackage', task ':app:processDebugResources', task ':app:compileDebugKotlin', task ':app:javaPreCompileDebug', task ':app:compileDebugJavaWithJavac', task ':app:compressDebugAssets', task ':app:processDebugJavaRes', task ':app:mergeDebugJavaResource', task ':app:checkDebugDuplicateClasses', task ':app:desugarDebugFileDependencies', task ':app:mergeExtDexDebug', task ':app:mergeLibDexDebug', task ':app:dexBuilderDebug', task ':app:mergeProjectDexDebug', task ':app:configureCMakeDebug[arm64-v8a]', task ':app:buildCMakeDebug[arm64-v8a]', task ':app:configureCMakeDebug[armeabi-v7a]', task ':app:buildCMakeDebug[armeabi-v7a]', task ':app:configureCMakeDebug[x86_64]', task ':app:buildCMakeDebug[x86_64]', task ':app:mergeDebugJniLibFolders', task ':app:mergeDebugNativeLibs', task ':app:stripDebugDebugSymbols', task ':app:validateSigningDebug', task ':app:writeDebugAppMetadata', task ':app:writeDebugSigningConfigVersions', task ':app:packageDebug', task ':app:createDebugApkListingFileRedirect', task ':app:assembleDebug']
[   +1 ms] Tasks that were excluded: []
[   +1 ms] Resolve mutations for :app:DebugMinSdkCheck (Thread[#956,Execution worker Thread 6,5,main]) started.
[        ] :app:DebugMinSdkCheck (Thread[#956,Execution worker Thread 6,5,main]) started.
[        ] > Task :app:DebugMinSdkCheck
[        ] Caching disabled for task ':app:DebugMinSdkCheck' because:
[        ]   Build cache is disabled
[        ] Task ':app:DebugMinSdkCheck' is not up-to-date because:
[        ]   Task has not declared any outputs despite executing actions.
[        ] Resolve mutations for :app:preBuild (Thread[#956,Execution worker Thread 6,5,main]) started.
[        ] :app:preBuild (Thread[#956,Execution worker Thread 6,5,main]) started.
[        ] > Task :app:preBuild UP-TO-DATE
[        ] Skipping task ':app:preBuild' as it has no actions.
[        ] Resolve mutations for :app:preDebugBuild (Thread[#956,Execution worker Thread 6,5,main]) started.
[        ] :app:preDebugBuild (Thread[#961,Execution worker Thread 10,5,main]) started.
[        ] > Task :app:preDebugBuild UP-TO-DATE
[        ] Skipping task ':app:preDebugBuild' as it has no actions.
[        ] Resolve mutations for :app:mergeDebugNativeDebugMetadata (Thread[#961,Execution worker Thread 10,5,main]) started.
[        ] :app:mergeDebugNativeDebugMetadata (Thread[#961,Execution worker Thread 10,5,main]) started.
[        ] > Task :app:mergeDebugNativeDebugMetadata NO-SOURCE
[        ] Skipping task ':app:mergeDebugNativeDebugMetadata' as it has no source files and no previous output files.
[        ] Resolve mutations for :app:checkKotlinGradlePluginConfigurationErrors (Thread[#961,Execution worker Thread 10,5,main]) started.
[        ] :app:checkKotlinGradlePluginConfigurationErrors (Thread[#961,Execution worker Thread 10,5,main]) started.
[        ] > Task :app:checkKotlinGradlePluginConfigurationErrors SKIPPED
[        ] Skipping task ':app:checkKotlinGradlePluginConfigurationErrors' as task onlyIf 'errorDiagnostics are present' is false.
[        ] Resolve mutations for :app:compileFlutterBuildDebug (Thread[#961,Execution worker Thread 10,5,main]) started.
[        ] :app:compileFlutterBuildDebug (Thread[#961,Execution worker Thread 10,5,main]) started.
[+1980 ms] > Task :app:compileFlutterBuildDebug
[   +1 ms] Caching disabled for task ':app:compileFlutterBuildDebug' because:
[        ]   Build cache is disabled
[        ]   Caching has not been enabled for the task
[        ] Task ':app:compileFlutterBuildDebug' is not up-to-date because:
[        ]   Task has failed previously.
[   +1 ms] Starting process 'command 'C:\flutter_windows_3.32.7-stable\flutter\bin\flutter.bat''. Working directory: C:\Users\Lama\medical_front Command: C:\flutter_windows_3.32.7-stable\flutter\bin\flutter.bat --verbose assemble --no-version-check --depfile C:\Users\Lama\medical_front\build\app\intermediates\flutter\debug/flutter_build.d --output C:\Users\Lama\medical_front\build\app\intermediates\flutter\debug -dTargetFile=C:\Users\Lama\medical_front\lib\main.dart -dTargetPlatform=android -dBuildMode=debug -dTrackWidgetCreation=true --DartDefines=RkxVVFRFUl9WRVJTSU9OPTMuMzUuNQ==,RkxVVFRFUl9DSEFOTkVMPXN0YWJsZQ==,RkxVVFRFUl9HSVRfVVJMPWh0dHBzOi8vZ2l0aHViLmNvbS9mbHV0dGVyL2ZsdXR0ZXIuZ2l0,RkxVVFRFUl9GUkFNRVdPUktfUkVWSVNJT049YWM0ZTc5OWQyMw==,RkxVVFRFUl9FTkdJTkVfUkVWSVNJT049ZDNkNDVkY2YyNQ==,RkxVVFRFUl9EQVJUX1ZFUlNJT049My45LjI= -dFlavor= -dAndroidArchs=android-x64 -dMinSdkVersion=24 debug_android_application
[        ] Successfully started process 'command 'C:\flutter_windows_3.32.7-stable\flutter\bin\flutter.bat''
[+2591 ms] [ +636 ms] Artifact Instance of 'MaterialFonts' is not required, skipping update.
[        ] [   +3 ms] Artifact Instance of 'GradleWrapper' is not required, skipping update.
[   +1 ms] [        ] Artifact Instance of 'AndroidGenSnapshotArtifacts' is not required, skipping update.
[        ] [        ] Artifact Instance of 'AndroidInternalBuildArtifacts' is not required, skipping update.
[        ] [        ] Artifact Instance of 'IOSEngineArtifacts' is not required, skipping update.
[        ] [        ] Artifact Instance of 'FlutterWebSdk' is not required, skipping update.
[        ] [   +6 ms] Artifact Instance of 'LegacyCanvasKitRemover' is not required, skipping update.
[        ] [   +1 ms] Artifact Instance of 'FlutterSdk' is not required, skipping update.
[        ] [        ] Artifact Instance of 'WindowsEngineArtifacts' is not required, skipping update.
[        ] [   +1 ms] Artifact Instance of 'MacOSEngineArtifacts' is not required, skipping update.
[        ] [        ] Artifact Instance of 'LinuxEngineArtifacts' is not required, skipping update.
[        ] [   +1 ms] Artifact Instance of 'LinuxFuchsiaSDKArtifacts' is not required, skipping update.
[        ] [        ] Artifact Instance of 'MacOSFuchsiaSDKArtifacts' is not required, skipping update.
[        ] [        ] Artifact Instance of 'FlutterRunnerSDKArtifacts' is not required, skipping update.
[        ] [        ] Artifact Instance of 'FlutterRunnerDebugSymbols' is not required, skipping update.
[        ] [   +1 ms] Artifact Instance of 'IosUsbArtifacts' is not required, skipping update.
[        ] [        ] Artifact Instance of 'IosUsbArtifacts' is not required, skipping update.
[        ] [   +1 ms] Artifact Instance of 'IosUsbArtifacts' is not required, skipping update.
[        ] [        ] Artifact Instance of 'IosUsbArtifacts' is not required, skipping update.
[        ] [        ] Artifact Instance of 'IosUsbArtifacts' is not required, skipping update.
[        ] [        ] Artifact Instance of 'IosUsbArtifacts' is not required, skipping update.
[        ] [        ] Artifact Instance of 'FontSubsetArtifacts' is not required, skipping update.
[        ] [        ] Artifact Instance of 'PubDependencies' is not required, skipping update.
[  +98 ms] [  +42 ms] Artifact Instance of 'AndroidGenSnapshotArtifacts' is not required, skipping update.
[        ] [        ] Artifact Instance of 'AndroidInternalBuildArtifacts' is not required, skipping update.
[        ] [        ] Artifact Instance of 'IOSEngineArtifacts' is not required, skipping update.
[        ] [        ] Artifact Instance of 'FlutterWebSdk' is not required, skipping update.
[        ] [        ] Artifact Instance of 'FlutterEngineStamp' is not required, skipping update.
[        ] [        ] Artifact Instance of 'LegacyCanvasKitRemover' is not required, skipping update.
[        ] [   +8 ms] Artifact Instance of 'WindowsEngineArtifacts' is not required, skipping update.
[        ] [        ] Artifact Instance of 'MacOSEngineArtifacts' is not required, skipping update.
[        ] [        ] Artifact Instance of 'LinuxEngineArtifacts' is not required, skipping update.
[        ] [        ] Artifact Instance of 'LinuxFuchsiaSDKArtifacts' is not required, skipping update.
[        ] [        ] Artifact Instance of 'MacOSFuchsiaSDKArtifacts' is not required, skipping update.
[        ] [        ] Artifact Instance of 'FlutterRunnerSDKArtifacts' is not required, skipping update.
[        ] [        ] Artifact Instance of 'FlutterRunnerDebugSymbols' is not required, skipping update.
[ +182 ms] [ +203 ms] Artifact Instance of 'MaterialFonts' is not required, skipping update.
[        ] [        ] Artifact Instance of 'GradleWrapper' is not required, skipping update.
[        ] [   +9 ms] Artifact Instance of 'AndroidInternalBuildArtifacts' is not required, skipping update.
[        ] [        ] Artifact Instance of 'IOSEngineArtifacts' is not required, skipping update.
[        ] [        ] Artifact Instance of 'FlutterWebSdk' is not required, skipping update.
[        ] [        ] Artifact Instance of 'FlutterEngineStamp' is not required, skipping update.
[        ] [        ] Artifact Instance of 'LegacyCanvasKitRemover' is not required, skipping update.
[        ] [        ] Artifact Instance of 'FlutterSdk' is not required, skipping update.
[        ] [        ] Artifact Instance of 'WindowsEngineArtifacts' is not required, skipping update.
[        ] [        ] Artifact Instance of 'MacOSEngineArtifacts' is not required, skipping update.
[        ] [        ] Artifact Instance of 'LinuxEngineArtifacts' is not required, skipping update.
[        ] [        ] Artifact Instance of 'LinuxFuchsiaSDKArtifacts' is not required, skipping update.
[        ] [        ] Artifact Instance of 'MacOSFuchsiaSDKArtifacts' is not required, skipping update.
[        ] [        ] Artifact Instance of 'FlutterRunnerSDKArtifacts' is not required, skipping update.
[        ] [        ] Artifact Instance of 'FlutterRunnerDebugSymbols' is not required, skipping update.
[        ] [        ] Artifact Instance of 'IosUsbArtifacts' is not required, skipping update.
[        ] [        ] Artifact Instance of 'IosUsbArtifacts' is not required, skipping update.
[        ] [        ] Artifact Instance of 'IosUsbArtifacts' is not required, skipping update.
[        ] [        ] Artifact Instance of 'IosUsbArtifacts' is not required, skipping update.
[        ] [        ] Artifact Instance of 'IosUsbArtifacts' is not required, skipping update.
[        ] [        ] Artifact Instance of 'IosUsbArtifacts' is not required, skipping update.
[        ] [        ] Artifact Instance of 'FontSubsetArtifacts' is not required, skipping update.
[        ] [        ] Artifact Instance of 'PubDependencies' is not required, skipping update.
[  +98 ms] [ +126 ms] Initializing file store
[  +92 ms] [  +37 ms] Done initializing file store
[ +109 ms] [ +120 ms] Skipping target: gen_dart_plugin_registrant
[        ] [  +10 ms] Skipping target: dart_build
[        ] [        ] Skipping target: gen_localizations
[        ] [   +5 ms] Skipping target: install_code_assets
[+1791 ms] [+1797 ms] kernel_snapshot_program: Starting due to {InvalidatedReasonKind.outputSetAddition: The following outputs were added to the output set: C:\Users\Lama\medical_front\.dart_tool\flutter_build\d01971c3832a9159c3a5fa75a6488d7f\app.dill}
[   +1 ms] [  +39 ms] C:\flutter_windows_3.32.7-stable\flutter\bin\cache\dart-sdk\bin\dartaotruntime.exe C:\flutter_windows_3.32.7-stable\flutter\bin\cache\dart-sdk\bin\snapshots\frontend_server_aot.dart.snapshot --sdk-root C:\flutter_windows_3.32.7-stable\flutter\bin\cache\artifacts\engine\common\flutter_patched_sdk/ --target=flutter --no-print-incremental-dependencies -DFLUTTER_VERSION=3.35.5 -DFLUTTER_CHANNEL=stable -DFLUTTER_GIT_URL=https://github.com/flutter/flutter.git -DFLUTTER_FRAMEWORK_REVISION=ac4e799d23 -DFLUTTER_ENGINE_REVISION=d3d45dcf25 -DFLUTTER_DART_VERSION=3.9.2 -DFLUTTER_APP_FLAVOR= -Ddart.vm.profile=false -Ddart.vm.product=false --enable-asserts --track-widget-creation --no-link-platform --packages C:\Users\Lama\medical_front\.dart_tool\package_config.json --output-dill C:\Users\Lama\medical_front\.dart_tool\flutter_build\d01971c3832a9159c3a5fa75a6488d7f\app.dill --depfile C:\Users\Lama\medical_front\.dart_tool\flutter_build\d01971c3832a9159c3a5fa75a6488d7f\kernel_snapshot_program.d --incremental --initialize-from-dill C:\Users\Lama\medical_front\.dart_tool\flutter_build\d01971c3832a9159c3a5fa75a6488d7f\app.dill --verbosity=error package:health_track/main.dart
[+3007 ms] [+2933 ms] lib/screens/splash_screen.dart:99:95: Error: Member not found: 'springOut'.
[   +2 ms] [   +3 ms]                             .scale(duration: const Duration(milliseconds: 600), curve: Curves.springOut)
[        ] [        ]                                                                                           ^^^^^^^^^
[        ] [        ] lib/screens/splash_screen.dart:133:99: Error: Member not found: 'springOut'.
[        ] [        ]                                 .scale(duration: const Duration(milliseconds: 400), curve: Curves.springOut)
[        ] [        ]                                                                                           ^^^^^^^^^
[        ] [        ] lib/screens/splash_screen.dart:123:44: Error: The argument type 'int' can't be assigned to the parameter type 'Offset?'.
[        ] [        ]  - 'Offset' is from 'dart:ui'.
[        ] [        ]                              .scale(begin: 1, end: 1.5, duration: const Duration(seconds: 2))
[        ] [        ]                                            ^
[        ] [        ] lib/screens/splash_screen.dart:123:52: Error: The argument type 'double' can't be assigned to the parameter type 'Offset?'.
[        ] [        ]  - 'Offset' is from 'dart:ui'.
[        ] [        ]                              .scale(begin: 1, end: 1.5, duration: const Duration(seconds: 2))
[        ] [        ]                                                    ^
[        ] [        ] lib/screens/splash_screen.dart:260:29: Error: The argument type 'int' can't be assigned to the parameter type 'Offset?'.
[        ] [        ]  - 'Offset' is from 'dart:ui'.
[        ] [        ]               .scale(begin: 0, end: 1),
[        ] [        ]                             ^
[        ] [        ] lib/screens/splash_screen.dart:260:37: Error: The argument type 'int' can't be assigned to the parameter type 'Offset?'.
[        ] [        ]  - 'Offset' is from 'dart:ui'.
[        ] [        ]               .scale(begin: 0, end: 1),
[        ] [        ]                                     ^
[        ] [        ] lib/screens/splash_screen.dart:319:23: Error: The argument type 'int' can't be assigned to the parameter type 'Offset?'.
[        ] [        ]  - 'Offset' is from 'dart:ui'.
[        ] [        ]         .scale(begin: 1, end: 1.4, duration: const Duration(milliseconds: 1200), curve: Curves.easeInOut)
[        ] [        ]                       ^
[        ] [        ] lib/screens/splash_screen.dart:319:31: Error: The argument type 'double' can't be assigned to the parameter type 'Offset?'.
[        ] [        ]  - 'Offset' is from 'dart:ui'.
[        ] [        ]         .scale(begin: 1, end: 1.4, duration: const Duration(milliseconds: 1200), curve: Curves.easeInOut)
[        ] [        ]                               ^
[        ] [        ] lib/screens/splash_screen.dart:321:23: Error: The argument type 'double' can't be assigned to the parameter type 'Offset?'.
[        ] [        ]  - 'Offset' is from 'dart:ui'.
[        ] [        ]         .scale(begin: 1.4, end: 1, duration: const Duration(milliseconds: 1200), curve: Curves.easeInOut);
[        ] [        ]                       ^
[   +1 ms] [        ] lib/screens/splash_screen.dart:321:33: Error: The argument type 'int' can't be assigned to the parameter type 'Offset?'.
[        ] [        ]  - 'Offset' is from 'dart:ui'.
[        ] [        ]         .scale(begin: 1.4, end: 1, duration: const Duration(milliseconds: 1200), curve: Curves.easeInOut);
[        ] [        ]                                 ^
[ +484 ms] [ +484 ms] Persisting file store
[        ] [  +34 ms] Done persisting file store
[        ] [   +9 ms] Target kernel_snapshot_program failed: Exception
[        ]            #0      KernelSnapshot.build (package:flutter_tools/src/build_system/targets/common.dart:282:7)
[        ]            <asynchronous suspension>
[        ]            #1      _BuildInstance._invokeInternal (package:flutter_tools/src/build_system/build_system.dart:873:9)
[        ]            <asynchronous suspension>
[        ]            #2      Future.wait.<anonymous closure> (dart:async/future.dart:525:21)
[        ]            <asynchronous suspension>
[        ]            #3      _BuildInstance.invokeTarget (package:flutter_tools/src/build_system/build_system.dart:811:32)
[        ]            <asynchronous suspension>
[        ]            #4      FlutterBuildSystem.build (package:flutter_tools/src/build_system/build_system.dart:631:16)
[        ]            <asynchronous suspension>
[        ]            #5      AssembleCommand.runCommand (package:flutter_tools/src/commands/assemble.dart:346:32)
[        ]            <asynchronous suspension>
[        ]            #6      FlutterCommand.run.<anonymous closure> (package:flutter_tools/src/runner/flutter_command.dart:1581:27)
[        ]            <asynchronous suspension>
[        ]            #7      AppContext.run.<anonymous closure> (package:flutter_tools/src/base/context.dart:154:19)
[        ]            <asynchronous suspension>
[        ]            #8      CommandRunner.runCommand (package:args/command_runner.dart:212:13)
[        ]            <asynchronous suspension>
[        ]            #9      FlutterCommandRunner.runCommand.<anonymous closure> (package:flutter_tools/src/runner/flutter_command_runner.dart:503:9)
[        ]            <asynchronous suspension>
[        ]            #10     AppContext.run.<anonymous closure> (package:flutter_tools/src/base/context.dart:154:19)
[        ]            <asynchronous suspension>
[        ]            #11     FlutterCommandRunner.runCommand (package:flutter_tools/src/runner/flutter_command_runner.dart:438:5)
[        ]            <asynchronous suspension>
[        ]            #12     run.<anonymous closure>.<anonymous closure> (package:flutter_tools/runner.dart:98:11)
[        ]            <asynchronous suspension>
[        ]            #13     AppContext.run.<anonymous closure> (package:flutter_tools/src/base/context.dart:154:19)
[        ]            <asynchronous suspension>
[        ]            #14     main (package:flutter_tools/executable.dart:101:3)
[        ]            <asynchronous suspension>
[   +2 ms] [   +5 ms] "flutter assemble" took 5,883ms.
[ +281 ms] [ +306 ms] 
[        ]            #0      throwToolExit (package:flutter_tools/src/base/common.dart:34:3)
[        ]            #1      AssembleCommand.runCommand (package:flutter_tools/src/commands/assemble.dart:364:7)
[        ]            <asynchronous suspension>
[        ]            #2      FlutterCommand.run.<anonymous closure> (package:flutter_tools/src/runner/flutter_command.dart:1581:27)
[        ]            <asynchronous suspension>
[        ]            #3      AppContext.run.<anonymous closure> (package:flutter_tools/src/base/context.dart:154:19)
[        ]            <asynchronous suspension>
[        ]            #4      CommandRunner.runCommand (package:args/command_runner.dart:212:13)
[        ]            <asynchronous suspension>
[        ]            #5      FlutterCommandRunner.runCommand.<anonymous closure> (package:flutter_tools/src/runner/flutter_command_runner.dart:503:9)
[        ]            <asynchronous suspension>
[        ]            #6      AppContext.run.<anonymous closure> (package:flutter_tools/src/base/context.dart:154:19)
[        ]            <asynchronous suspension>
[        ]            #7      FlutterCommandRunner.runCommand (package:flutter_tools/src/runner/flutter_command_runner.dart:438:5)
[        ]            <asynchronous suspension>
[        ]            #8      run.<anonymous closure>.<anonymous closure> (package:flutter_tools/runner.dart:98:11)
[        ]            <asynchronous suspension>
[        ]            #9      AppContext.run.<anonymous closure> (package:flutter_tools/src/base/context.dart:154:19)
[        ]            <asynchronous suspension>
[        ]            #10     main (package:flutter_tools/executable.dart:101:3)
[        ]            <asynchronous suspension>
[        ] [   +1 ms] Running 1 shutdown hook
[        ] [   +4 ms] Shutdown hooks complete
[ +287 ms] [ +238 ms] exiting with code 1
[   +1 ms] > Task :app:compileFlutterBuildDebug FAILED
[ +309 ms] w: Detected multiple Kotlin daemon sessions at 
[ +297 ms] [Incubating] Problems report is available at: file:///C:/Users/Lama/medical_front/build/reports/problems/problems-report.html
[        ] FAILURE: Build failed with an exception.
[        ] * What went wrong:
[        ] Execution failed for task ':app:compileFlutterBuildDebug'.
[        ] > Process 'command 'C:\flutter_windows_3.32.7-stable\flutter\bin\flutter.bat'' finished with non-zero exit value 1
[        ] * Try:
[        ] > Run with --debug option to get more log output.
[        ] > Run with --scan to get full insights.
[        ] > Get more help at https://help.gradle.org.
[        ] * Exception is:
[        ] org.gradle.api.tasks.TaskExecutionException: Execution failed for task ':app:compileFlutterBuildDebug'.
[        ] 	at org.gradle.api.internal.tasks.execution.ExecuteActionsTaskExecuter.lambda$executeIfValid$1(ExecuteActionsTaskExecuter.java:130)
[        ] 	at org.gradle.internal.Try$Failure.ifSuccessfulOrElse(Try.java:293)
[        ] 	at org.gradle.api.internal.tasks.execution.ExecuteActionsTaskExecuter.executeIfValid(ExecuteActionsTaskExecuter.java:128)
[        ] 	at org.gradle.api.internal.tasks.execution.ExecuteActionsTaskExecuter.execute(ExecuteActionsTaskExecuter.java:116)
[        ] 	at org.gradle.api.internal.tasks.execution.ProblemsTaskPathTrackingTaskExecuter.execute(ProblemsTaskPathTrackingTaskExecuter.java:40)
[        ] 	at org.gradle.api.internal.tasks.execution.FinalizePropertiesTaskExecuter.execute(FinalizePropertiesTaskExecuter.java:46)
[        ] 	at org.gradle.api.internal.tasks.execution.ResolveTaskExecutionModeExecuter.execute(ResolveTaskExecutionModeExecuter.java:51)
[        ] 	at org.gradle.api.internal.tasks.execution.SkipTaskWithNoActionsExecuter.execute(SkipTaskWithNoActionsExecuter.java:57)
[        ] 	at org.gradle.api.internal.tasks.execution.SkipOnlyIfTaskExecuter.execute(SkipOnlyIfTaskExecuter.java:74)
[        ] 	at org.gradle.api.internal.tasks.execution.CatchExceptionTaskExecuter.execute(CatchExceptionTaskExecuter.java:36)
[        ] 	at org.gradle.api.internal.tasks.execution.EventFiringTaskExecuter$1.executeTask(EventFiringTaskExecuter.java:77)
[        ] 	at org.gradle.api.internal.tasks.execution.EventFiringTaskExecuter$1.call(EventFiringTaskExecuter.java:55)
[        ] 	at org.gradle.api.internal.tasks.execution.EventFiringTaskExecuter$1.call(EventFiringTaskExecuter.java:52)
[        ] 	at org.gradle.internal.operations.DefaultBuildOperationRunner$CallableBuildOperationWorker.execute(DefaultBuildOperationRunner.java:209)
[        ] 	at org.gradle.internal.operations.DefaultBuildOperationRunner$CallableBuildOperationWorker.execute(DefaultBuildOperationRunner.java:204)
[        ] 	at org.gradle.internal.operations.DefaultBuildOperationRunner$2.execute(DefaultBuildOperationRunner.java:66)
[        ] 	at org.gradle.internal.operations.DefaultBuildOperationRunner$2.execute(DefaultBuildOperationRunner.java:59)
[        ] 	at org.gradle.internal.operations.DefaultBuildOperationRunner.execute(DefaultBuildOperationRunner.java:166)
[        ] 	at org.gradle.internal.operations.DefaultBuildOperationRunner.execute(DefaultBuildOperationRunner.java:59)
[        ] 	at org.gradle.internal.operations.DefaultBuildOperationRunner.call(DefaultBuildOperationRunner.java:53)
[        ] 	at org.gradle.api.internal.tasks.execution.EventFiringTaskExecuter.execute(EventFiringTaskExecuter.java:52)
[        ] 	at org.gradle.execution.plan.LocalTaskNodeExecutor.execute(LocalTaskNodeExecutor.java:42)
[        ] 	at org.gradle.execution.taskgraph.DefaultTaskExecutionGraph$InvokeNodeExecutorsAction.execute(DefaultTaskExecutionGraph.java:331)
[        ] 	at org.gradle.execution.taskgraph.DefaultTaskExecutionGraph$InvokeNodeExecutorsAction.execute(DefaultTaskExecutionGraph.java:318)
[        ] 	at org.gradle.execution.taskgraph.DefaultTaskExecutionGraph$BuildOperationAwareExecutionAction.lambda$execute$0(DefaultTaskExecutionGraph.java:314)
[        ] 	at org.gradle.internal.operations.CurrentBuildOperationRef.with(CurrentBuildOperationRef.java:85)
[        ] 	at org.gradle.execution.taskgraph.DefaultTaskExecutionGraph$BuildOperationAwareExecutionAction.execute(DefaultTaskExecutionGraph.java:314)
[        ] 	at org.gradle.execution.taskgraph.DefaultTaskExecutionGraph$BuildOperationAwareExecutionAction.execute(DefaultTaskExecutionGraph.java:303)
[        ] 	at org.gradle.execution.plan.DefaultPlanExecutor$ExecutorWorker.execute(DefaultPlanExecutor.java:459)
[   +1 ms] 	at org.gradle.execution.plan.DefaultPlanExecutor$ExecutorWorker.run(DefaultPlanExecutor.java:376)
[   +1 ms] 	at org.gradle.internal.concurrent.ExecutorPolicy$CatchAndRecordFailures.onExecute(ExecutorPolicy.java:64)
[        ] 	at org.gradle.internal.concurrent.AbstractManagedExecutor$1.run(AbstractManagedExecutor.java:48)
[        ] 	at java.base/java.util.concurrent.ThreadPoolExecutor.runWorker(Unknown Source)
[        ] 	at java.base/java.util.concurrent.ThreadPoolExecutor$Worker.run(Unknown Source)
[        ] 	at java.base/java.lang.Thread.run(Unknown Source)
[        ] Caused by: org.gradle.process.internal.ExecException: Process 'command 'C:\flutter_windows_3.32.7-stable\flutter\bin\flutter.bat'' finished with non-zero exit value 1
[        ] 	at org.gradle.process.internal.DefaultExecHandle$ExecResultImpl.assertNormalExitValue(DefaultExecHandle.java:442)
[        ] 	at org.gradle.process.internal.DefaultExecAction.execute(DefaultExecAction.java:49)
[        ] 	at org.gradle.process.internal.DefaultExecActionFactory.exec(DefaultExecActionFactory.java:218)
[        ] 	at org.gradle.process.internal.DefaultExecOperations.exec(DefaultExecOperations.java:37)
[        ] 	at com.flutter.gradle.tasks.BaseFlutterTaskHelper.buildBundle(BaseFlutterTaskHelper.kt:174)
[        ] 	at com.flutter.gradle.tasks.BaseFlutterTask.buildBundle(BaseFlutterTask.kt:147)
[        ] 	at com.flutter.gradle.tasks.FlutterTaskHelper.build$gradle(FlutterTaskHelper.kt:90)
[        ] 	at com.flutter.gradle.tasks.FlutterTask.build(FlutterTask.kt:49)
[        ] 	at java.base/jdk.internal.reflect.DirectMethodHandleAccessor.invoke(Unknown Source)
[        ] 	at java.base/java.lang.reflect.Method.invoke(Unknown Source)
[        ] 	at org.gradle.internal.reflect.JavaMethod.invoke(JavaMethod.java:125)
[        ] 	at org.gradle.api.internal.project.taskfactory.StandardTaskAction.doExecute(StandardTaskAction.java:58)
[        ] 	at org.gradle.api.internal.project.taskfactory.StandardTaskAction.execute(StandardTaskAction.java:51)
[        ] 	at org.gradle.api.internal.project.taskfactory.StandardTaskAction.execute(StandardTaskAction.java:29)
[        ] 	at org.gradle.api.internal.tasks.execution.TaskExecution$3.run(TaskExecution.java:244)
[        ] 	at org.gradle.internal.operations.DefaultBuildOperationRunner$1.execute(DefaultBuildOperationRunner.java:29)
[        ] 	at org.gradle.internal.operations.DefaultBuildOperationRunner$1.execute(DefaultBuildOperationRunner.java:26)
[        ] 	at org.gradle.internal.operations.DefaultBuildOperationRunner$2.execute(DefaultBuildOperationRunner.java:66)
[        ] 	at org.gradle.internal.operations.DefaultBuildOperationRunner$2.execute(DefaultBuildOperationRunner.java:59)
[        ] 	at org.gradle.internal.operations.DefaultBuildOperationRunner.execute(DefaultBuildOperationRunner.java:166)
[        ] 	at org.gradle.internal.operations.DefaultBuildOperationRunner.execute(DefaultBuildOperationRunner.java:59)
[        ] 	at org.gradle.internal.operations.DefaultBuildOperationRunner.run(DefaultBuildOperationRunner.java:47)
[        ] 	at org.gradle.api.internal.tasks.execution.TaskExecution.executeAction(TaskExecution.java:229)
[        ] 	at org.gradle.api.internal.tasks.execution.TaskExecution.executeActions(TaskExecution.java:212)
[        ] 	at org.gradle.api.internal.tasks.execution.TaskExecution.executeWithPreviousOutputFiles(TaskExecution.java:195)
[        ] 	at org.gradle.api.internal.tasks.execution.TaskExecution.execute(TaskExecution.java:162)
[        ] 	at org.gradle.internal.execution.steps.ExecuteStep.executeInternal(ExecuteStep.java:105)
[        ] 	at org.gradle.internal.execution.steps.ExecuteStep.access$000(ExecuteStep.java:44)
[        ] 	at org.gradle.internal.execution.steps.ExecuteStep$1.call(ExecuteStep.java:59)
[        ] 	at org.gradle.internal.execution.steps.ExecuteStep$1.call(ExecuteStep.java:56)
[        ] 	at org.gradle.internal.operations.DefaultBuildOperationRunner$CallableBuildOperationWorker.execute(DefaultBuildOperationRunner.java:209)
[        ] 	at org.gradle.internal.operations.DefaultBuildOperationRunner$CallableBuildOperationWorker.execute(DefaultBuildOperationRunner.java:204)
[        ] 	at org.gradle.internal.operations.DefaultBuildOperationRunner$2.execute(DefaultBuildOperationRunner.java:66)
[        ] 	at org.gradle.internal.operations.DefaultBuildOperationRunner$2.execute(DefaultBuildOperationRunner.java:59)
[        ] 	at org.gradle.internal.operations.DefaultBuildOperationRunner.execute(DefaultBuildOperationRunner.java:166)
[        ] 	at org.gradle.internal.operations.DefaultBuildOperationRunner.execute(DefaultBuildOperationRunner.java:59)
[        ] 	at org.gradle.internal.operations.DefaultBuildOperationRunner.call(DefaultBuildOperationRunner.java:53)
[        ] 	at org.gradle.internal.execution.steps.ExecuteStep.execute(ExecuteStep.java:56)
[        ] 	at org.gradle.internal.execution.steps.ExecuteStep.execute(ExecuteStep.java:44)
[        ] 	at org.gradle.internal.execution.steps.CancelExecutionStep.execute(CancelExecutionStep.java:42)
[        ] 	at org.gradle.internal.execution.steps.TimeoutStep.executeWithoutTimeout(TimeoutStep.java:75)
[        ] 	at org.gradle.internal.execution.steps.TimeoutStep.execute(TimeoutStep.java:55)
[        ] 	at org.gradle.internal.execution.steps.PreCreateOutputParentsStep.execute(PreCreateOutputParentsStep.java:50)
[   +1 ms] 	at org.gradle.internal.execution.steps.PreCreateOutputParentsStep.execute(PreCreateOutputParentsStep.java:28)
[        ] 	at org.gradle.internal.execution.steps.RemovePreviousOutputsStep.execute(RemovePreviousOutputsStep.java:67)
[        ] 	at org.gradle.internal.execution.steps.RemovePreviousOutputsStep.execute(RemovePreviousOutputsStep.java:37)
[        ] 	at org.gradle.internal.execution.steps.BroadcastChangingOutputsStep.execute(BroadcastChangingOutputsStep.java:61)
[        ] 	at org.gradle.internal.execution.steps.BroadcastChangingOutputsStep.execute(BroadcastChangingOutputsStep.java:26)
[        ] 	at org.gradle.internal.execution.steps.CaptureOutputsAfterExecutionStep.execute(CaptureOutputsAfterExecutionStep.java:69)
[        ] 	at org.gradle.internal.execution.steps.CaptureOutputsAfterExecutionStep.execute(CaptureOutputsAfterExecutionStep.java:46)
[        ] 	at org.gradle.internal.execution.steps.ResolveInputChangesStep.execute(ResolveInputChangesStep.java:40)
[   +1 ms] 	at org.gradle.internal.execution.steps.ResolveInputChangesStep.execute(ResolveInputChangesStep.java:29)
[        ] 	at org.gradle.internal.execution.steps.BuildCacheStep.executeWithoutCache(BuildCacheStep.java:189)
[        ] 	at org.gradle.internal.execution.steps.BuildCacheStep.lambda$execute$1(BuildCacheStep.java:75)
[        ] 	at org.gradle.internal.Either$Right.fold(Either.java:175)
[        ] 	at org.gradle.internal.execution.caching.CachingState.fold(CachingState.java:62)
[        ] 	at org.gradle.internal.execution.steps.BuildCacheStep.execute(BuildCacheStep.java:73)
[        ] 	at org.gradle.internal.execution.steps.BuildCacheStep.execute(BuildCacheStep.java:48)
[        ] 	at org.gradle.internal.execution.steps.StoreExecutionStateStep.execute(StoreExecutionStateStep.java:46)
[        ] 	at org.gradle.internal.execution.steps.StoreExecutionStateStep.execute(StoreExecutionStateStep.java:35)
[        ] 	at org.gradle.internal.execution.steps.SkipUpToDateStep.executeBecause(SkipUpToDateStep.java:75)
[        ] 	at org.gradle.internal.execution.steps.SkipUpToDateStep.lambda$execute$2(SkipUpToDateStep.java:53)
[        ] 	at java.base/java.util.Optional.orElseGet(Unknown Source)
[        ] 	at org.gradle.internal.execution.steps.SkipUpToDateStep.execute(SkipUpToDateStep.java:53)
[   +1 ms] 	at org.gradle.internal.execution.steps.SkipUpToDateStep.execute(SkipUpToDateStep.java:35)
[        ] 	at org.gradle.internal.execution.steps.legacy.MarkSnapshottingInputsFinishedStep.execute(MarkSnapshottingInputsFinishedStep.java:37)
[        ] 	at org.gradle.internal.execution.steps.legacy.MarkSnapshottingInputsFinishedStep.execute(MarkSnapshottingInputsFinishedStep.java:27)
[   +1 ms] 	at org.gradle.internal.execution.steps.ResolveIncrementalCachingStateStep.executeDelegate(ResolveIncrementalCachingStateStep.java:49)
[        ] 	at org.gradle.internal.execution.steps.ResolveIncrementalCachingStateStep.executeDelegate(ResolveIncrementalCachingStateStep.java:27)
[        ] 	at org.gradle.internal.execution.steps.AbstractResolveCachingStateStep.execute(AbstractResolveCachingStateStep.java:71)
[        ] 	at org.gradle.internal.execution.steps.AbstractResolveCachingStateStep.execute(AbstractResolveCachingStateStep.java:39)
[        ] 	at org.gradle.internal.execution.steps.ResolveChangesStep.execute(ResolveChangesStep.java:65)
[        ] 	at org.gradle.internal.execution.steps.ResolveChangesStep.execute(ResolveChangesStep.java:36)
[        ] 	at org.gradle.internal.execution.steps.ValidateStep.execute(ValidateStep.java:107)
[        ] 	at org.gradle.internal.execution.steps.ValidateStep.execute(ValidateStep.java:56)
[   +1 ms] 	at org.gradle.internal.execution.steps.AbstractCaptureStateBeforeExecutionStep.execute(AbstractCaptureStateBeforeExecutionStep.java:64)
[        ] 	at org.gradle.internal.execution.steps.AbstractCaptureStateBeforeExecutionStep.execute(AbstractCaptureStateBeforeExecutionStep.java:43)
[        ] 	at org.gradle.internal.execution.steps.AbstractSkipEmptyWorkStep.executeWithNonEmptySources(AbstractSkipEmptyWorkStep.java:125)
[   +1 ms] 	at org.gradle.internal.execution.steps.AbstractSkipEmptyWorkStep.execute(AbstractSkipEmptyWorkStep.java:56)
[        ] 	at org.gradle.internal.execution.steps.AbstractSkipEmptyWorkStep.execute(AbstractSkipEmptyWorkStep.java:36)
[        ] 	at org.gradle.internal.execution.steps.legacy.MarkSnapshottingInputsStartedStep.execute(MarkSnapshottingInputsStartedStep.java:38)
[        ] 	at org.gradle.internal.execution.steps.LoadPreviousExecutionStateStep.execute(LoadPreviousExecutionStateStep.java:36)
[        ] 	at org.gradle.internal.execution.steps.LoadPreviousExecutionStateStep.execute(LoadPreviousExecutionStateStep.java:23)
[        ] 	at org.gradle.internal.execution.steps.HandleStaleOutputsStep.execute(HandleStaleOutputsStep.java:75)
[        ] 	at org.gradle.internal.execution.steps.HandleStaleOutputsStep.execute(HandleStaleOutputsStep.java:41)
[        ] 	at org.gradle.internal.execution.steps.AssignMutableWorkspaceStep.lambda$execute$0(AssignMutableWorkspaceStep.java:35)
[        ] 	at org.gradle.api.internal.tasks.execution.TaskExecution$4.withWorkspace(TaskExecution.java:289)
[        ] 	at org.gradle.internal.execution.steps.AssignMutableWorkspaceStep.execute(AssignMutableWorkspaceStep.java:31)
[        ] 	at org.gradle.internal.execution.steps.AssignMutableWorkspaceStep.execute(AssignMutableWorkspaceStep.java:22)
[        ] 	at org.gradle.internal.execution.steps.ChoosePipelineStep.execute(ChoosePipelineStep.java:40)
[        ] 	at org.gradle.internal.execution.steps.ChoosePipelineStep.execute(ChoosePipelineStep.java:23)
[        ] 	at org.gradle.internal.execution.steps.ExecuteWorkBuildOperationFiringStep.lambda$execute$2(ExecuteWorkBuildOperationFiringStep.java:67)
[        ] 	at java.base/java.util.Optional.orElseGet(Unknown Source)
[        ] 	at org.gradle.internal.execution.steps.ExecuteWorkBuildOperationFiringStep.execute(ExecuteWorkBuildOperationFiringStep.java:67)
[        ] 	at org.gradle.internal.execution.steps.ExecuteWorkBuildOperationFiringStep.execute(ExecuteWorkBuildOperationFiringStep.java:39)
[        ] 	at org.gradle.internal.execution.steps.IdentityCacheStep.execute(IdentityCacheStep.java:46)
[        ] 	at org.gradle.internal.execution.steps.IdentityCacheStep.execute(IdentityCacheStep.java:34)
[        ] 	at org.gradle.internal.execution.steps.IdentifyStep.execute(IdentifyStep.java:48)
[        ] 	at org.gradle.internal.execution.steps.IdentifyStep.execute(IdentifyStep.java:35)
[        ] 	at org.gradle.internal.execution.impl.DefaultExecutionEngine$1.execute(DefaultExecutionEngine.java:61)
[        ] 	at org.gradle.api.internal.tasks.execution.ExecuteActionsTaskExecuter.executeIfValid(ExecuteActionsTaskExecuter.java:127)
[        ] 	at org.gradle.api.internal.tasks.execution.ExecuteActionsTaskExecuter.execute(ExecuteActionsTaskExecuter.java:116)
[        ] 	at org.gradle.api.internal.tasks.execution.ProblemsTaskPathTrackingTaskExecuter.execute(ProblemsTaskPathTrackingTaskExecuter.java:40)
[        ] 	at org.gradle.api.internal.tasks.execution.FinalizePropertiesTaskExecuter.execute(FinalizePropertiesTaskExecuter.java:46)
[        ] 	at org.gradle.api.internal.tasks.execution.ResolveTaskExecutionModeExecuter.execute(ResolveTaskExecutionModeExecuter.java:51)
[        ] 	at org.gradle.api.internal.tasks.execution.SkipTaskWithNoActionsExecuter.execute(SkipTaskWithNoActionsExecuter.java:57)
[        ] 	at org.gradle.api.internal.tasks.execution.SkipOnlyIfTaskExecuter.execute(SkipOnlyIfTaskExecuter.java:74)
[        ] 	at org.gradle.api.internal.tasks.execution.CatchExceptionTaskExecuter.execute(CatchExceptionTaskExecuter.java:36)
[        ] 	at org.gradle.api.internal.tasks.execution.EventFiringTaskExecuter$1.executeTask(EventFiringTaskExecuter.java:77)
[        ] 	at org.gradle.api.internal.tasks.execution.EventFiringTaskExecuter$1.call(EventFiringTaskExecuter.java:55)
[        ] 	at org.gradle.api.internal.tasks.execution.EventFiringTaskExecuter$1.call(EventFiringTaskExecuter.java:52)
[        ] 	at org.gradle.internal.operations.DefaultBuildOperationRunner$CallableBuildOperationWorker.execute(DefaultBuildOperationRunner.java:209)
[        ] 	at org.gradle.internal.operations.DefaultBuildOperationRunner$CallableBuildOperationWorker.execute(DefaultBuildOperationRunner.java:204)
[   +1 ms] 	at org.gradle.internal.operations.DefaultBuildOperationRunner$2.execute(DefaultBuildOperationRunner.java:66)
[        ] 	at org.gradle.internal.operations.DefaultBuildOperationRunner$2.execute(DefaultBuildOperationRunner.java:59)
[        ] 	at org.gradle.internal.operations.DefaultBuildOperationRunner.execute(DefaultBuildOperationRunner.java:166)
[        ] 	at org.gradle.internal.operations.DefaultBuildOperationRunner.execute(DefaultBuildOperationRunner.java:59)
[        ] 	at org.gradle.internal.operations.DefaultBuildOperationRunner.call(DefaultBuildOperationRunner.java:53)
[        ] 	at org.gradle.api.internal.tasks.execution.EventFiringTaskExecuter.execute(EventFiringTaskExecuter.java:52)
[        ] 	at org.gradle.execution.plan.LocalTaskNodeExecutor.execute(LocalTaskNodeExecutor.java:42)
[        ] 	at org.gradle.execution.taskgraph.DefaultTaskExecutionGraph$InvokeNodeExecutorsAction.execute(DefaultTaskExecutionGraph.java:331)
[        ] 	at org.gradle.execution.taskgraph.DefaultTaskExecutionGraph$InvokeNodeExecutorsAction.execute(DefaultTaskExecutionGraph.java:318)
[   +1 ms] 	at org.gradle.execution.taskgraph.DefaultTaskExecutionGraph$BuildOperationAwareExecutionAction.lambda$execute$0(DefaultTaskExecutionGraph.java:314)
[        ] 	at org.gradle.internal.operations.CurrentBuildOperationRef.with(CurrentBuildOperationRef.java:85)
[        ] 	at org.gradle.execution.taskgraph.DefaultTaskExecutionGraph$BuildOperationAwareExecutionAction.execute(DefaultTaskExecutionGraph.java:314)
[        ] 	at org.gradle.execution.taskgraph.DefaultTaskExecutionGraph$BuildOperationAwareExecutionAction.execute(DefaultTaskExecutionGraph.java:303)
[        ] 	at org.gradle.execution.plan.DefaultPlanExecutor$ExecutorWorker.execute(DefaultPlanExecutor.java:459)
[        ] 	at org.gradle.execution.plan.DefaultPlanExecutor$ExecutorWorker.run(DefaultPlanExecutor.java:376)
[        ] 	at org.gradle.internal.concurrent.ExecutorPolicy$CatchAndRecordFailures.onExecute(ExecutorPolicy.java:64)
[        ] 	at org.gradle.internal.concurrent.AbstractManagedExecutor$1.run(AbstractManagedExecutor.java:48)
[        ] 	at java.base/java.util.concurrent.ThreadPoolExecutor.runWorker(Unknown Source)
[        ] 	at java.base/java.util.concurrent.ThreadPoolExecutor$Worker.run(Unknown Source)
[        ] 	at java.base/java.lang.Thread.run(Unknown Source)
[        ] BUILD FAILED in 1m 1s
[   +1 ms] Deprecated Gradle features were used in this build, making it incompatible with Gradle 9.0.
[        ] You can use '--warning-mode all' to show the individual deprecation warnings and determine if they come from your own scripts or plugins.
[        ] For more on this, please refer to https://docs.gradle.org/8.12/userguide/command_line_interface.html#sec:command_line_warnings in the Gradle documentation.
[        ] 6 actionable tasks: 3 executed, 3 up-to-date
[        ] Watched directory hierarchies: [C:\flutter_windows_3.32.7-stable\flutter\packages\flutter_tools\gradle, C:\Users\Lama\medical_front\android]
[ +205 ms] Running Gradle task 'assembleDebug'... (completed in 62.8s)
[ +116 ms] Error: Gradle task assembleDebug failed with exit code 1
[   +7 ms] "flutter run" took 69,727ms.
[ +341 ms] 
           #0      throwToolExit (package:flutter_tools/src/base/common.dart:34:3)
           #1      RunCommand.runCommand (package:flutter_tools/src/commands/run.dart:872:9)
           <asynchronous suspension>
           #2      FlutterCommand.run.<anonymous closure> (package:flutter_tools/src/runner/flutter_command.dart:1581:27)
           <asynchronous suspension>
           #3      AppContext.run.<anonymous closure> (package:flutter_tools/src/base/context.dart:154:19)
           <asynchronous suspension>
           #4      CommandRunner.runCommand (package:args/command_runner.dart:212:13)
           <asynchronous suspension>
           #5      FlutterCommandRunner.runCommand.<anonymous closure> (package:flutter_tools/src/runner/flutter_command_runner.dart:503:9)
           <asynchronous suspension>
           #6      AppContext.run.<anonymous closure> (package:flutter_tools/src/base/context.dart:154:19)
           <asynchronous suspension>
           #7      FlutterCommandRunner.runCommand (package:flutter_tools/src/runner/flutter_command_runner.dart:438:5)
           <asynchronous suspension>
           #8      run.<anonymous closure>.<anonymous closure> (package:flutter_tools/runner.dart:98:11)
           <asynchronous suspension>
           #9      AppContext.run.<anonymous closure> (package:flutter_tools/src/base/context.dart:154:19)
           <asynchronous suspension>
           #10     main (package:flutter_tools/executable.dart:101:3)
           <asynchronous suspension>


[   +1 ms] Running 3 shutdown hooks
[  +29 ms] Shutdown hooks complete
[ +267 ms] exiting with code 1
